    Checking respredict v0.1.0 (/home/mukund-thiru/Santh/libs/respredict)
error: 5 bindings with single-character names in scope
   --> src/lib.rs:354:33
    |
354 |     matches!(parts.as_slice(), [a, b, c, d, e]
    |                                 ^  ^  ^  ^  ^
    |
    = help: for further information visit https://rust-lang.github.io/rust-clippy/rust-1.93.0/index.html#many_single_char_names
    = note: `-D clippy::many-single-char-names` implied by `-D warnings`
    = help: to override `-D warnings` add `#[allow(clippy::many_single_char_names)]`

error: missing `#[must_use]` attribute on a method returning `Self`
  --> src/lib.rs:25:5
   |
25 | /     pub fn with_header(mut self, key: impl Into<String>, value: impl Into<String>) -> Self {
26 | |         self.headers.insert(key.into(), value.into());
27 | |         self
28 | |     }
   | |_____^
   |
   = help: consider adding the `#[must_use]` attribute to the method or directly to the `Self` type
   = help: for further information visit https://rust-lang.github.io/rust-clippy/rust-1.93.0/index.html#return_self_not_must_use
   = note: `-D clippy::return-self-not-must-use` implied by `-D warnings`
   = help: to override `-D warnings` add `#[allow(clippy::return_self_not_must_use)]`

error: this method could have a `#[must_use]` attribute
  --> src/lib.rs:39:12
   |
39 |     pub fn new(status: u16, content_type: Option<&str>, approximate_size: usize) -> Self {
   |            ^^^
   |
   = help: for further information visit https://rust-lang.github.io/rust-clippy/rust-1.93.0/index.html#must_use_candidate
   = note: `-D clippy::must-use-candidate` implied by `-D warnings`
   = help: to override `-D warnings` add `#[allow(clippy::must_use_candidate)]`
help: add the attribute
   |
39 ~     #[must_use] 
40 ~     pub fn new(status: u16, content_type: Option<&str>, approximate_size: usize) -> Self {
   |

error: redundant closure
  --> src/lib.rs:42:44
   |
42 |             content_type: content_type.map(|value| value.to_string()),
   |                                            ^^^^^^^^^^^^^^^^^^^^^^^^^ help: replace the closure with the method itself: `std::string::ToString::to_string`
   |
   = help: for further information visit https://rust-lang.github.io/rust-clippy/rust-1.93.0/index.html#redundant_closure_for_method_calls
   = note: `-D clippy::redundant-closure-for-method-calls` implied by `-D warnings`
   = help: to override `-D warnings` add `#[allow(clippy::redundant_closure_for_method_calls)]`

error: this method could have a `#[must_use]` attribute
  --> src/lib.rs:82:12
   |
82 |     pub fn new() -> Self {
   |            ^^^
   |
   = help: for further information visit https://rust-lang.github.io/rust-clippy/rust-1.93.0/index.html#must_use_candidate
help: add the attribute
   |
82 ~     #[must_use] 
83 ~     pub fn new() -> Self {
   |

error: this method could have a `#[must_use]` attribute
   --> src/lib.rs:121:12
    |
121 |     pub fn should_skip(&self, request: &RequestContext, policy: &SkipPolicy) -> bool {
    |            ^^^^^^^^^^^
    |
    = help: for further information visit https://rust-lang.github.io/rust-clippy/rust-1.93.0/index.html#must_use_candidate
help: add the attribute
    |
121 ~     #[must_use] 
122 ~     pub fn should_skip(&self, request: &RequestContext, policy: &SkipPolicy) -> bool {
    |

error: this function could have a `#[must_use]` attribute
   --> src/lib.rs:143:8
    |
143 | pub fn matches_prediction(
    |        ^^^^^^^^^^^^^^^^^^
    |
    = help: for further information visit https://rust-lang.github.io/rust-clippy/rust-1.93.0/index.html#must_use_candidate
help: add the attribute
    |
143 + #[must_use] 
144 | pub fn matches_prediction(
    |

error: casting `f32` to `usize` may truncate the value
   --> src/lib.rs:161:25
    |
161 |         let tolerance = ((size as f32) * size_tolerance_ratio).round() as usize;
    |                         ^^^^^^^^^^^^^^^^^^^^^^^^^^^^^^^^^^^^^^^^^^^^^^^^^^^^^^^
    |
    = help: if this is intentional allow the lint with `#[allow(clippy::cast_possible_truncation)]` ...
    = help: for further information visit https://rust-lang.github.io/rust-clippy/rust-1.93.0/index.html#cast_possible_truncation
    = note: `-D clippy::cast-possible-truncation` implied by `-D warnings`
    = help: to override `-D warnings` add `#[allow(clippy::cast_possible_truncation)]`

error: casting `f32` to `usize` may lose the sign of the value
   --> src/lib.rs:161:25
    |
161 |         let tolerance = ((size as f32) * size_tolerance_ratio).round() as usize;
    |                         ^^^^^^^^^^^^^^^^^^^^^^^^^^^^^^^^^^^^^^^^^^^^^^^^^^^^^^^
    |
    = help: for further information visit https://rust-lang.github.io/rust-clippy/rust-1.93.0/index.html#cast_sign_loss
    = note: `-D clippy::cast-sign-loss` implied by `-D warnings`
    = help: to override `-D warnings` add `#[allow(clippy::cast_sign_loss)]`

error: casting `usize` to `f32` causes a loss of precision (`usize` is 32 or 64 bits wide, but `f32`'s mantissa is only 23 bits wide)
   --> src/lib.rs:161:26
    |
161 |         let tolerance = ((size as f32) * size_tolerance_ratio).round() as usize;
    |                          ^^^^^^^^^^^^^
    |
    = help: for further information visit https://rust-lang.github.io/rust-clippy/rust-1.93.0/index.html#cast_precision_loss
    = note: `-D clippy::cast-precision-loss` implied by `-D warnings`
    = help: to override `-D warnings` add `#[allow(clippy::cast_precision_loss)]`

error: casting `usize` to `f32` causes a loss of precision (`usize` is 32 or 64 bits wide, but `f32`'s mantissa is only 23 bits wide)
   --> src/lib.rs:204:31
    |
204 |             let status_conf = status_count as f32 / self.samples as f32;
    |                               ^^^^^^^^^^^^^^^^^^^
    |
    = help: for further information visit https://rust-lang.github.io/rust-clippy/rust-1.93.0/index.html#cast_precision_loss

error: casting `usize` to `f32` causes a loss of precision (`usize` is 32 or 64 bits wide, but `f32`'s mantissa is only 23 bits wide)
   --> src/lib.rs:204:53
    |
204 |             let status_conf = status_count as f32 / self.samples as f32;
    |                                                     ^^^^^^^^^^^^^^^^^^^
    |
    = help: for further information visit https://rust-lang.github.io/rust-clippy/rust-1.93.0/index.html#cast_precision_loss

error: casting `usize` to `f32` causes a loss of precision (`usize` is 32 or 64 bits wide, but `f32`'s mantissa is only 23 bits wide)
   --> src/lib.rs:208:17
    |
208 |                 content_type_count as f32 / self.samples as f32
    |                 ^^^^^^^^^^^^^^^^^^^^^^^^^
    |
    = help: for further information visit https://rust-lang.github.io/rust-clippy/rust-1.93.0/index.html#cast_precision_loss

error: casting `usize` to `f32` causes a loss of precision (`usize` is 32 or 64 bits wide, but `f32`'s mantissa is only 23 bits wide)
   --> src/lib.rs:208:45
    |
208 |                 content_type_count as f32 / self.samples as f32
    |                                             ^^^^^^^^^^^^^^^^^^^
    |
    = help: for further information visit https://rust-lang.github.io/rust-clippy/rust-1.93.0/index.html#cast_precision_loss

error: casting `usize` to `f32` causes a loss of precision (`usize` is 32 or 64 bits wide, but `f32`'s mantissa is only 23 bits wide)
   --> src/lib.rs:226:19
    |
226 |         let avg = (self.size_total / self.samples).max(1) as f32;
    |                   ^^^^^^^^^^^^^^^^^^^^^^^^^^^^^^^^^^^^^^^^^^^^^^
    |
    = help: for further information visit https://rust-lang.github.io/rust-clippy/rust-1.93.0/index.html#cast_precision_loss

error: casting `usize` to `f32` causes a loss of precision (`usize` is 32 or 64 bits wide, but `f32`'s mantissa is only 23 bits wide)
   --> src/lib.rs:227:9
    |
227 |         (self.size_max.saturating_sub(self.size_min) as f32) / avg
    |         ^^^^^^^^^^^^^^^^^^^^^^^^^^^^^^^^^^^^^^^^^^^^^^^^^^^^
    |
    = help: for further information visit https://rust-lang.github.io/rust-clippy/rust-1.93.0/index.html#cast_precision_loss

error: called `map(<f>).unwrap_or(<a>)` on an `Option` value
   --> src/lib.rs:280:5
    |
280 | /     map.iter()
281 | |         .max_by_key(|(_, count)| **count)
282 | |         .map(|(key, count)| (Some(key), *count))
283 | |         .unwrap_or((None, 0))
    | |_____________________________^
    |
    = help: for further information visit https://rust-lang.github.io/rust-clippy/rust-1.93.0/index.html#map_unwrap_or
    = note: `-D clippy::map-unwrap-or` implied by `-D warnings`
    = help: to override `-D warnings` add `#[allow(clippy::map_unwrap_or)]`
help: use `map_or(<a>, <f>)` instead
    |
282 -         .map(|(key, count)| (Some(key), *count))
282 +         .map_or((None, 0), |(key, count)| (Some(key), *count))
    |

error: missing documentation for the crate
   --> src/lib.rs:1:1
    |
  1 | / #![warn(missing_docs)]
  2 | | #![warn(clippy::pedantic)]
  3 | |
  4 | | use std::collections::BTreeMap;
...   |
847 | | }
    | |_^
    |
    = note: `-D missing-docs` implied by `-D warnings`
    = help: to override `-D warnings` add `#[allow(missing_docs)]`

error: missing documentation for a type alias
 --> src/lib.rs:7:1
  |
7 | pub type HeaderMap = BTreeMap<String, String>;
  | ^^^^^^^^^^^^^^^^^^

error: missing documentation for a struct
  --> src/lib.rs:10:1
   |
10 | pub struct RequestContext {
   | ^^^^^^^^^^^^^^^^^^^^^^^^^

error: missing documentation for a struct field
  --> src/lib.rs:11:5
   |
11 |     pub url: String,
   |     ^^^^^^^^^^^^^^^

error: missing documentation for a struct field
  --> src/lib.rs:12:5
   |
12 |     pub method: String,
   |     ^^^^^^^^^^^^^^^^^^

error: missing documentation for a struct field
  --> src/lib.rs:13:5
   |
13 |     pub headers: HeaderMap,
   |     ^^^^^^^^^^^^^^^^^^^^^^

error: missing documentation for an associated function
  --> src/lib.rs:17:5
   |
17 |     pub fn new(url: impl Into<String>, method: impl Into<String>) -> Self {
   |     ^^^^^^^^^^^^^^^^^^^^^^^^^^^^^^^^^^^^^^^^^^^^^^^^^^^^^^^^^^^^^^^^^^^^^

error: missing documentation for a method
  --> src/lib.rs:25:5
   |
25 |     pub fn with_header(mut self, key: impl Into<String>, value: impl Into<String>) -> Self {
   |     ^^^^^^^^^^^^^^^^^^^^^^^^^^^^^^^^^^^^^^^^^^^^^^^^^^^^^^^^^^^^^^^^^^^^^^^^^^^^^^^^^^^^^^

error: missing documentation for a struct
  --> src/lib.rs:32:1
   |
32 | pub struct ObservedResponse {
   | ^^^^^^^^^^^^^^^^^^^^^^^^^^^

error: missing documentation for a struct field
  --> src/lib.rs:33:5
   |
33 |     pub status: u16,
   |     ^^^^^^^^^^^^^^^

error: missing documentation for a struct field
  --> src/lib.rs:34:5
   |
34 |     pub content_type: Option<String>,
   |     ^^^^^^^^^^^^^^^^^^^^^^^^^^^^^^^^

error: missing documentation for a struct field
  --> src/lib.rs:35:5
   |
35 |     pub approximate_size: usize,
   |     ^^^^^^^^^^^^^^^^^^^^^^^^^^^

error: missing documentation for an associated function
  --> src/lib.rs:39:5
   |
39 |     pub fn new(status: u16, content_type: Option<&str>, approximate_size: usize) -> Self {
   |     ^^^^^^^^^^^^^^^^^^^^^^^^^^^^^^^^^^^^^^^^^^^^^^^^^^^^^^^^^^^^^^^^^^^^^^^^^^^^^^^^^^^^

error: missing documentation for a struct
  --> src/lib.rs:49:1
   |
49 | pub struct Prediction {
   | ^^^^^^^^^^^^^^^^^^^^^

error: missing documentation for a struct field
  --> src/lib.rs:50:5
   |
50 |     pub status: Option<u16>,
   |     ^^^^^^^^^^^^^^^^^^^^^^^

error: missing documentation for a struct field
  --> src/lib.rs:51:5
   |
51 |     pub content_type: Option<String>,
   |     ^^^^^^^^^^^^^^^^^^^^^^^^^^^^^^^^

error: missing documentation for a struct field
  --> src/lib.rs:52:5
   |
52 |     pub approximate_size: Option<usize>,
   |     ^^^^^^^^^^^^^^^^^^^^^^^^^^^^^^^^^^^

error: missing documentation for a struct field
  --> src/lib.rs:53:5
   |
53 |     pub confidence: f32,
   |     ^^^^^^^^^^^^^^^^^^^

error: missing documentation for a struct field
  --> src/lib.rs:54:5
   |
54 |     pub samples: usize,
   |     ^^^^^^^^^^^^^^^^^^

error: missing documentation for a struct
  --> src/lib.rs:58:1
   |
58 | pub struct SkipPolicy {
   | ^^^^^^^^^^^^^^^^^^^^^

error: missing documentation for a struct field
  --> src/lib.rs:59:5
   |
59 |     pub min_confidence: f32,
   |     ^^^^^^^^^^^^^^^^^^^^^^^

error: missing documentation for a struct field
  --> src/lib.rs:60:5
   |
60 |     pub min_samples: usize,
   |     ^^^^^^^^^^^^^^^^^^^^^^

error: missing documentation for a struct field
  --> src/lib.rs:61:5
   |
61 |     pub max_size_spread_ratio: f32,
   |     ^^^^^^^^^^^^^^^^^^^^^^^^^^^^^^

error: missing documentation for a struct
  --> src/lib.rs:75:1
   |
75 | pub struct ResponsePredictor {
   | ^^^^^^^^^^^^^^^^^^^^^^^^^^^^

error: missing documentation for an associated function
  --> src/lib.rs:82:5
   |
82 |     pub fn new() -> Self {
   |     ^^^^^^^^^^^^^^^^^^^^

error: missing documentation for a method
  --> src/lib.rs:86:5
   |
86 |     pub fn train(&mut self, request: &RequestContext, observed: &ObservedResponse) {
   |     ^^^^^^^^^^^^^^^^^^^^^^^^^^^^^^^^^^^^^^^^^^^^^^^^^^^^^^^^^^^^^^^^^^^^^^^^^^^^^^

error: missing documentation for a method
   --> src/lib.rs:103:5
    |
103 | /     pub fn train_batch<I>(&mut self, data: I)
104 | |     where
105 | |         I: IntoIterator<Item = (RequestContext, ObservedResponse)>,
    | |___________________________________________________________________^

error: missing documentation for a method
   --> src/lib.rs:112:5
    |
112 |     pub fn predict(&self, request: &RequestContext) -> Option<Prediction> {
    |     ^^^^^^^^^^^^^^^^^^^^^^^^^^^^^^^^^^^^^^^^^^^^^^^^^^^^^^^^^^^^^^^^^^^^^

error: missing documentation for a method
   --> src/lib.rs:121:5
    |
121 |     pub fn should_skip(&self, request: &RequestContext, policy: &SkipPolicy) -> bool {
    |     ^^^^^^^^^^^^^^^^^^^^^^^^^^^^^^^^^^^^^^^^^^^^^^^^^^^^^^^^^^^^^^^^^^^^^^^^^^^^^^^^

error: missing documentation for a function
   --> src/lib.rs:143:1
    |
143 | / pub fn matches_prediction(
144 | |     prediction: &Prediction,
145 | |     observed: &ObservedResponse,
146 | |     size_tolerance_ratio: f32,
147 | | ) -> bool {
    | |_________^

error: could not compile `respredict` (lib) due to 47 previous errors
warning: build failed, waiting for other jobs to finish...
error: strict comparison of `f32` or `f64`
   --> src/lib.rs:837:9
    |
837 |         assert_eq!(stats.size_spread_ratio(), 0.0);
    |         ^^^^^^^^^^^^^^^^^^^^^^^^^^^^^^^^^^^^^^^^^^
    |
    = help: for further information visit https://rust-lang.github.io/rust-clippy/rust-1.93.0/index.html#float_cmp
    = note: `-D clippy::float-cmp` implied by `-D warnings`
    = help: to override `-D warnings` add `#[allow(clippy::float_cmp)]`
    = note: this error originates in the macro `assert_eq` (in Nightly builds, run with -Z macro-backtrace for more info)

error: could not compile `respredict` (lib test) due to 48 previous errors
